#
# There is insufficient memory for the Java Runtime Environment to continue.
# Native memory allocation (mmap) failed to map 130023424 bytes for Failed to commit area from 0x0000000085200000 to 0x000000008ce00000 of length 130023424.
# Possible reasons:
#   The system is out of physical RAM or swap space
#   The process is running with CompressedOops enabled, and the Java Heap may be blocking the growth of the native heap
# Possible solutions:
#   Reduce memory load on the system
#   Increase physical memory or swap space
#   Check if swap backing store is full
#   Decrease Java heap size (-Xmx/-Xms)
#   Decrease number of Java threads
#   Decrease Java thread stack sizes (-Xss)
#   Set larger code cache with -XX:ReservedCodeCacheSize=
# This output file may be truncated or incomplete.
#
#  Out of Memory Error (./src/hotspot/os/windows/os_windows.cpp:3387), pid=9640, tid=16960
#
# JRE version:  (11.0.14.1+1) (build )
# Java VM: OpenJDK 64-Bit Server VM (11.0.14.1+1, mixed mode, sharing, tiered, compressed oops, g1 gc, windows-amd64)
# No core dump will be written. Minidumps are not enabled by default on client versions of Windows
#

---------------  S U M M A R Y ------------

Command Line: -Dfile.encoding=UTF-8 

Host: 12th Gen Intel(R) Core(TM) i5-1235U, 12 cores, 7G,  Windows 11 , 64 bit Build 22621 (10.0.22621.4391)
Time: Sun Nov 17 23:43:18 2024 India Standard Time elapsed time: 0.013377 seconds (0d 0h 0m 0s)

---------------  T H R E A D  ---------------

Current thread (0x000001ec94862800):  JavaThread "Unknown thread" [_thread_in_vm, id=16960, stack(0x000000a8e5c00000,0x000000a8e5d00000)]

Stack: [0x000000a8e5c00000,0x000000a8e5d00000]
Native frames: (J=compiled Java code, j=interpreted, Vv=VM code, C=native code)
V  [jvm.dll+0x61e59a]
V  [jvm.dll+0x7aaca9]
V  [jvm.dll+0x7ac398]
V  [jvm.dll+0x7aca73]
V  [jvm.dll+0x24f9b8]
V  [jvm.dll+0x61b83a]
V  [jvm.dll+0x6100c5]
V  [jvm.dll+0x30772c]
V  [jvm.dll+0x3075b2]
V  [jvm.dll+0x30c2d6]
V  [jvm.dll+0x35272f]
V  [jvm.dll+0x352160]
V  [jvm.dll+0x2e4728]
V  [jvm.dll+0x2e5886]
V  [jvm.dll+0x784b07]
V  [jvm.dll+0x78628f]
V  [jvm.dll+0x35f479]
V  [jvm.dll+0x767aa0]
V  [jvm.dll+0x3ccf1f]
V  [jvm.dll+0x3cf2b1]
C  [jli.dll+0x5207]
C  [ucrtbase.dll+0x29333]
C  [KERNEL32.DLL+0x1259d]
C  [ntdll.dll+0x5af38]


---------------  P R O C E S S  ---------------

Threads class SMR info:
_java_thread_list=0x000001ec92598e80, length=0, elements={
}

Java Threads: ( => current thread )

Other Threads:
  0x000001ec9487a000 GCTaskThread "GC Thread#0" [stack: 0x000000a8e5d00000,0x000000a8e5e00000] [id=13804]
  0x000001ec948ad800 ConcurrentGCThread "G1 Main Marker" [stack: 0x000000a8e5e00000,0x000000a8e5f00000] [id=6620]
  0x000001ec948af000 ConcurrentGCThread "G1 Conc#0" [stack: 0x000000a8e5f00000,0x000000a8e6000000] [id=4044]

[error occurred during error reporting (printing all threads), id 0xc0000005, EXCEPTION_ACCESS_VIOLATION (0xc0000005) at pc=0x00007ff95bc33ef7]

VM state:not at safepoint (not fully initialized)

VM Mutex/Monitor currently owned by a thread:  ([mutex/lock_event])
[0x000001ec9485d510] Heap_lock - owner thread: 0x000001ec94862800

Heap address: 0x0000000085200000, size: 1966 MB, Compressed Oops mode: Non-zero based: 0x0000000085200000
Narrow klass base: 0x0000000000000000, Narrow klass shift: 0

GC Heap History (0 events):
No events

Deoptimization events (0 events):
No events

Classes redefined (0 events):
No events

Internal exceptions (0 events):
No events

Events (1 events):
Event: 0.010 Loaded shared library C:\Program Files\Unity\Hub\Editor\2022.3.9f1\Editor\Data\PlaybackEngines\AndroidPlayer\OpenJDK\bin\zip.dll


Dynamic libraries:
0x00007ff6f8310000 - 0x00007ff6f831d000 	C:\Program Files\Unity\Hub\Editor\2022.3.9f1\Editor\Data\PlaybackEngines\AndroidPlayer\OpenJDK\bin\java.exe
0x00007ff9c3b90000 - 0x00007ff9c3da7000 	C:\WINDOWS\SYSTEM32\ntdll.dll
0x00007ff9c20d0000 - 0x00007ff9c2194000 	C:\WINDOWS\System32\KERNEL32.DLL
0x00007ff9c14f0000 - 0x00007ff9c18a9000 	C:\WINDOWS\System32\KERNELBASE.dll
0x00007ff9c0f00000 - 0x00007ff9c1011000 	C:\WINDOWS\System32\ucrtbase.dll
0x00007ff96ac00000 - 0x00007ff96ac17000 	C:\Program Files\Unity\Hub\Editor\2022.3.9f1\Editor\Data\PlaybackEngines\AndroidPlayer\OpenJDK\bin\jli.dll
0x00007ff96abe0000 - 0x00007ff96abf5000 	C:\Program Files\Unity\Hub\Editor\2022.3.9f1\Editor\Data\PlaybackEngines\AndroidPlayer\OpenJDK\bin\VCRUNTIME140.dll
0x00007ff9c2d50000 - 0x00007ff9c2efe000 	C:\WINDOWS\System32\USER32.dll
0x00007ff9c11e0000 - 0x00007ff9c1206000 	C:\WINDOWS\System32\win32u.dll
0x00007ff99c8a0000 - 0x00007ff99cb32000 	C:\WINDOWS\WinSxS\amd64_microsoft.windows.common-controls_6595b64144ccf1df_6.0.22621.4391_none_2715d37f73803e96\COMCTL32.dll
0x00007ff9c2310000 - 0x00007ff9c2339000 	C:\WINDOWS\System32\GDI32.dll
0x00007ff9c2200000 - 0x00007ff9c22a7000 	C:\WINDOWS\System32\msvcrt.dll
0x00007ff9c1020000 - 0x00007ff9c113b000 	C:\WINDOWS\System32\gdi32full.dll
0x00007ff9c1140000 - 0x00007ff9c11da000 	C:\WINDOWS\System32\msvcp_win.dll
0x00007ff9c1c60000 - 0x00007ff9c1c91000 	C:\WINDOWS\System32\IMM32.DLL
0x00007ff969d10000 - 0x00007ff969dab000 	C:\Program Files\Unity\Hub\Editor\2022.3.9f1\Editor\Data\PlaybackEngines\AndroidPlayer\OpenJDK\bin\msvcp140.dll
0x00007ff95b940000 - 0x00007ff95c4c1000 	C:\Program Files\Unity\Hub\Editor\2022.3.9f1\Editor\Data\PlaybackEngines\AndroidPlayer\OpenJDK\bin\server\jvm.dll
0x00007ff9c1d20000 - 0x00007ff9c1dd2000 	C:\WINDOWS\System32\ADVAPI32.dll
0x00007ff9c3790000 - 0x00007ff9c3837000 	C:\WINDOWS\System32\sechost.dll
0x00007ff9c1440000 - 0x00007ff9c1468000 	C:\WINDOWS\System32\bcrypt.dll
0x00007ff9c1df0000 - 0x00007ff9c1f04000 	C:\WINDOWS\System32\RPCRT4.dll
0x00007ff9c3a60000 - 0x00007ff9c3a68000 	C:\WINDOWS\System32\PSAPI.DLL
0x00007ff9b8020000 - 0x00007ff9b8029000 	C:\WINDOWS\SYSTEM32\WSOCK32.dll
0x00007ff9c3710000 - 0x00007ff9c3781000 	C:\WINDOWS\System32\WS2_32.dll
0x00007ff9b55d0000 - 0x00007ff9b55da000 	C:\WINDOWS\SYSTEM32\VERSION.dll
0x00007ff9b7e90000 - 0x00007ff9b7ec4000 	C:\WINDOWS\SYSTEM32\WINMM.dll
0x00007ff9bfe90000 - 0x00007ff9bfea8000 	C:\WINDOWS\SYSTEM32\kernel.appcore.dll
0x00007ff98eba0000 - 0x00007ff98ebb0000 	C:\Program Files\Unity\Hub\Editor\2022.3.9f1\Editor\Data\PlaybackEngines\AndroidPlayer\OpenJDK\bin\verify.dll
0x00007ff9be760000 - 0x00007ff9be992000 	C:\WINDOWS\SYSTEM32\DBGHELP.DLL
0x00007ff9c3380000 - 0x00007ff9c370f000 	C:\WINDOWS\System32\combase.dll
0x00007ff9c3a70000 - 0x00007ff9c3b47000 	C:\WINDOWS\System32\OLEAUT32.dll
0x00007ff9b2ba0000 - 0x00007ff9b2bd2000 	C:\WINDOWS\SYSTEM32\dbgcore.DLL
0x00007ff9c1470000 - 0x00007ff9c14eb000 	C:\WINDOWS\System32\bcryptPrimitives.dll
0x00007ff96abb0000 - 0x00007ff96abd8000 	C:\Program Files\Unity\Hub\Editor\2022.3.9f1\Editor\Data\PlaybackEngines\AndroidPlayer\OpenJDK\bin\java.dll
0x00007ff97cd80000 - 0x00007ff97cd8a000 	C:\Program Files\Unity\Hub\Editor\2022.3.9f1\Editor\Data\PlaybackEngines\AndroidPlayer\OpenJDK\bin\jimage.dll
0x00007ff96aad0000 - 0x00007ff96aae8000 	C:\Program Files\Unity\Hub\Editor\2022.3.9f1\Editor\Data\PlaybackEngines\AndroidPlayer\OpenJDK\bin\zip.dll

dbghelp: loaded successfully - version: 4.0.5 - missing functions: none
symbol engine: initialized successfully - sym options: 0x614 - pdb path: .;C:\Program Files\Unity\Hub\Editor\2022.3.9f1\Editor\Data\PlaybackEngines\AndroidPlayer\OpenJDK\bin;C:\WINDOWS\SYSTEM32;C:\WINDOWS\WinSxS\amd64_microsoft.windows.common-controls_6595b64144ccf1df_6.0.22621.4391_none_2715d37f73803e96;C:\Program Files\Unity\Hub\Editor\2022.3.9f1\Editor\Data\PlaybackEngines\AndroidPlayer\OpenJDK\bin\server

VM Arguments:
jvm_args: -Dfile.encoding=UTF-8 
java_command: <unknown>
java_class_path (initial): <not set>
Launcher Type: SUN_STANDARD

[Global flags]
     intx CICompilerCount                          = 4                                         {product} {ergonomic}
     uint ConcGCThreads                            = 3                                         {product} {ergonomic}
     uint G1ConcRefinementThreads                  = 10                                        {product} {ergonomic}
   size_t G1HeapRegionSize                         = 1048576                                   {product} {ergonomic}
    uintx GCDrainStackTargetSize                   = 64                                        {product} {ergonomic}
   size_t InitialHeapSize                          = 130023424                                 {product} {ergonomic}
   size_t MarkStackSize                            = 4194304                                   {product} {ergonomic}
   size_t MaxHeapSize                              = 2061500416                                {product} {ergonomic}
   size_t MinHeapDeltaBytes                        = 1048576                                   {product} {ergonomic}
    uintx NonNMethodCodeHeapSize                   = 5836300                                {pd product} {ergonomic}
    uintx NonProfiledCodeHeapSize                  = 122910970                              {pd product} {ergonomic}
    uintx ProfiledCodeHeapSize                     = 122910970                              {pd product} {ergonomic}
    uintx ReservedCodeCacheSize                    = 251658240                              {pd product} {ergonomic}
     bool SegmentedCodeCache                       = true                                      {product} {ergonomic}
     bool UseCompressedClassPointers               = true                                 {lp64_product} {ergonomic}
     bool UseCompressedOops                        = true                                 {lp64_product} {ergonomic}
     bool UseG1GC                                  = true                                      {product} {ergonomic}
     bool UseLargePagesIndividualAllocation        = false                                  {pd product} {ergonomic}

Logging:
Log output configuration:
 #0: stdout all=warning uptime,level,tags
 #1: stderr all=off uptime,level,tags

Environment Variables:
JAVA_TOOL_OPTIONS=-Dfile.encoding=UTF-8
PATH=C:\Program Files\Python311\;C:\Program Files\Python311\Scripts\;C:\Users\sabar\AppData\Local\Programs\Python\Python37-32\Scripts\;C:\Users\sabar\AppData\Local\Programs\Python\Python37-32\;C:\WINDOWS\system32;C:\WINDOWS;C:\WINDOWS\System32\Wbem;C:\WINDOWS\System32\WindowsPowerShell\v1.0\;C:\WINDOWS\System32\OpenSSH\;C:\Program Files\MATLAB\R2023a\bin;C:\Program Files\dotnet\;C:\Program Files (x86)\NVIDIA Corporation\PhysX\Common;C:\Program Files\HP\HP One Agent;C:\Program Files (x86)\Eclipse\Sumo\bin\;C:\Program Files (x86)\Eclipse\Sumo\tools\;C:\Users\sabar\AppData\Local\Programs\Python\Python37-32\Scripts\;C:\Users\sabar\AppData\Local\Programs\Python\Python37-32\;C:\Users\sabar\AppData\Local\Microsoft\WindowsApps;C:\Users\sabar\AppData\Local\Programs\Microsoft VS Code\bin;C:\Users\sabar\.dotnet\tools;
USERNAME=sabar
OS=Windows_NT
PROCESSOR_IDENTIFIER=Intel64 Family 6 Model 154 Stepping 4, GenuineIntel



---------------  S Y S T E M  ---------------

OS: Windows 11 , 64 bit Build 22621 (10.0.22621.4391)
OS uptime: 0 days 0:47 hours
Hyper-V role detected

CPU:total 12 (initial active 12) (6 cores per cpu, 2 threads per core) family 6 model 154 stepping 4 microcode 0x42c, cmov, cx8, fxsr, mmx, sse, sse2, sse3, ssse3, sse4.1, sse4.2, popcnt, avx, avx2, aes, clmul, erms, 3dnowpref, lzcnt, ht, tsc, tscinvbit, bmi1, bmi2, adx, sha, fma

Memory: 4k page, system-wide physical 7863M (1079M free)
TotalPageFile size 30053M (AvailPageFile size 28M)
current process WorkingSet (physical memory assigned to process): 11M, peak: 11M
current process commit charge ("private bytes"): 64M, peak: 188M

vm_info: OpenJDK 64-Bit Server VM (11.0.14.1+1) for windows-amd64 JRE (11.0.14.1+1), built on Feb  9 2022 01:48:27 by "" with unknown MS VC++:1916

END.
